2026-04-29 07:32:37.126 UTC [49] LOG:  starting PostgreSQL 16.8 (Debian 16.8-1.pgdg120+1) on aarch64-unknown-linux-gnu, compiled by gcc (Debian 12.2.0-14) 12.2.0, 64-bit
2026-04-29 07:32:37.127 UTC [49] LOG:  listening on Unix socket "/var/run/postgresql/.s.PGSQL.5432"
2026-04-29 07:32:37.133 UTC [53] LOG:  database system was shut down at 2026-04-29 07:32:36 UTC
2026-04-29 07:32:37.138 UTC [49] LOG:  database system is ready to accept connections
2026-04-29 07:32:37.626 UTC [49] LOG:  received fast shutdown request
2026-04-29 07:32:37.627 UTC [49] LOG:  aborting any active transactions
2026-04-29 07:32:37.628 UTC [49] LOG:  background worker "logical replication launcher" (PID 57) exited with exit code 1
2026-04-29 07:32:37.629 UTC [51] LOG:  shutting down
2026-04-29 07:32:37.630 UTC [51] LOG:  checkpoint starting: shutdown immediate
2026-04-29 07:32:37.742 UTC [51] LOG:  checkpoint complete: wrote 922 buffers (5.6%); 0 WAL file(s) added, 0 removed, 0 recycled; write=0.086 s, sync=0.021 s, total=0.114 s; sync files=301, longest=0.001 s, average=0.001 s; distance=4255 kB, estimate=4255 kB; lsn=0/1912070, redo lsn=0/1912070
2026-04-29 07:32:37.746 UTC [49] LOG:  database system is shut down
2026-04-29 07:32:37.844 UTC [1] LOG:  starting PostgreSQL 16.8 (Debian 16.8-1.pgdg120+1) on aarch64-unknown-linux-gnu, compiled by gcc (Debian 12.2.0-14) 12.2.0, 64-bit
2026-04-29 07:32:37.845 UTC [1] LOG:  listening on IPv4 address "0.0.0.0", port 5432
2026-04-29 07:32:37.845 UTC [1] LOG:  listening on IPv6 address "::", port 5432
2026-04-29 07:32:37.847 UTC [1] LOG:  listening on Unix socket "/var/run/postgresql/.s.PGSQL.5432"
2026-04-29 07:32:37.853 UTC [70] LOG:  database system was shut down at 2026-04-29 07:32:37 UTC
2026-04-29 07:32:37.861 UTC [1] LOG:  database system is ready to accept connections
2026-04-29 07:33:44.048 UTC [127] ERROR:  relation "system_metadata" does not exist at character 21
2026-04-29 07:33:44.048 UTC [127] STATEMENT:  select "value" from "system_metadata" where "key" = $1
2026-04-29 07:37:37.508 UTC [68] LOG:  checkpoint starting: time
2026-04-29 07:39:05.558 UTC [1] LOG:  received fast shutdown request
2026-04-29 07:39:05.559 UTC [1] LOG:  aborting any active transactions
2026-04-29 07:39:05.560 UTC [1] LOG:  background worker "logical replication launcher" (PID 76) exited with exit code 1
2026-04-29 07:39:06.196 UTC [68] LOG:  checkpoint complete: wrote 14617 buffers (89.2%); 0 WAL file(s) added, 0 removed, 8 recycled; write=88.552 s, sync=0.091 s, total=88.688 s; sync files=588, longest=0.001 s, average=0.001 s; distance=137633 kB, estimate=137633 kB; lsn=0/9F7A4C8, redo lsn=0/9F7A490
2026-04-29 07:39:06.198 UTC [68] LOG:  shutting down
2026-04-29 07:39:06.198 UTC [68] LOG:  checkpoint starting: shutdown immediate
2026-04-29 07:39:06.205 UTC [68] LOG:  checkpoint complete: wrote 0 buffers (0.0%); 0 WAL file(s) added, 0 removed, 0 recycled; write=0.002 s, sync=0.001 s, total=0.008 s; sync files=0, longest=0.000 s, average=0.000 s; distance=0 kB, estimate=123869 kB; lsn=0/9F7A540, redo lsn=0/9F7A540
2026-04-29 07:39:06.217 UTC [1] LOG:  database system is shut down
